{"level":"info","message":"API Succeeded","timestamp":"2024-07-22T07:46:36.954Z"}
{"level":"info","message":"bot message ==> \"The different moves are Gust,Wind-attack,fly,peck,skyattack.\"","timestamp":"2024-07-22T07:46:38.558Z"}
{"level":"info","message":"API Succeeded","timestamp":"2024-07-22T07:47:34.972Z"}
{"level":"info","message":"bot message ==> \"The different moves are Gust,Wind-attack,fly,peck,skyattack.\"","timestamp":"2024-07-22T07:47:37.177Z"}
{"level":"info","message":"API Succeeded","timestamp":"2024-07-22T08:06:30.875Z"}
{"level":"info","message":"API Succeeded","timestamp":"2024-07-22T08:09:37.524Z"}
{"level":"info","message":"API Succeeded","timestamp":"2024-07-22T08:12:41.202Z"}
{"level":"info","message":"API Succeeded","timestamp":"2024-07-22T08:16:00.848Z"}
{"level":"info","message":"bot message ==> \"Hi there! \"","timestamp":"2024-07-22T08:16:04.089Z"}
{"level":"info","message":"API Succeeded","timestamp":"2024-07-22T08:16:37.636Z"}
{"level":"info","message":"bot message ==> \"Hi, how can I help you?\"","timestamp":"2024-07-22T08:16:39.648Z"}
{"level":"info","message":"API Succeeded","timestamp":"2024-07-22T08:17:07.152Z"}
{"level":"info","message":"bot message ==> undefined","timestamp":"2024-07-22T08:17:08.677Z"}
{"level":"info","message":"API Succeeded","timestamp":"2024-07-22T08:17:42.496Z"}
{"level":"info","message":"bot message ==> undefined","timestamp":"2024-07-22T08:17:43.864Z"}
{"level":"info","message":"API Succeeded","timestamp":"2024-07-22T08:18:54.533Z"}
{"level":"info","message":"bot message ==> \"The different type of pokemons are\\n1. bulbasaur\\n2. ivysaur\\n3. venusaur\"","timestamp":"2024-07-22T08:18:57.164Z"}
{"level":"info","message":"API Succeeded","timestamp":"2024-07-22T08:21:46.245Z"}
{"level":"info","message":"bot message ==> \"The different moves are Gust,Wind-attack,fly,peck,skyattack.\"","timestamp":"2024-07-22T08:21:53.799Z"}
{"level":"info","message":"API Succeeded","timestamp":"2024-07-22T08:24:02.008Z"}
{"level":"info","message":"API Succeeded","timestamp":"2024-07-22T08:26:26.384Z"}
{"level":"info","message":"API Succeeded","timestamp":"2024-07-22T08:30:38.608Z"}
{"level":"info","message":"API Succeeded","timestamp":"2024-07-22T08:31:10.167Z"}
{"level":"info","message":"API Succeeded","timestamp":"2024-07-22T08:36:05.822Z"}
{"level":"info","message":"API Succeeded","timestamp":"2024-07-22T10:00:26.326Z"}
{"level":"info","message":"API Succeeded","timestamp":"2024-07-22T10:03:10.779Z"}
{"level":"info","message":"bot message ==> \"Explore\"","timestamp":"2024-07-22T10:03:24.133Z"}
{"level":"info","message":"API Succeeded","timestamp":"2024-07-22T10:03:48.759Z"}
{"level":"info","message":"bot message ==> \"Explore\"","timestamp":"2024-07-22T10:04:01.105Z"}
{"level":"info","message":"API Succeeded","timestamp":"2024-07-22T10:05:40.872Z"}
{"level":"info","message":"bot message ==> \"Explore\"","timestamp":"2024-07-22T10:05:56.214Z"}
{"level":"info","message":"API Succeeded","timestamp":"2024-07-22T10:08:22.817Z"}
{"level":"info","message":"bot message ==> \"Explore\"","timestamp":"2024-07-22T10:08:40.749Z"}
{"level":"info","message":"API Succeeded","timestamp":"2024-07-22T10:09:42.475Z"}
{"level":"info","message":"pollId ==> 2a76b1272684cb44bc65621ed97b2842","timestamp":"2024-07-22T10:09:44.378Z"}
{"level":"info","message":"pollingStatus ===> Inprogress","timestamp":"2024-07-22T10:09:44.712Z"}
{"level":"info","message":"pollingStatus ===> Inprogress","timestamp":"2024-07-22T10:09:44.999Z"}
{"level":"info","message":"pollingStatus ===> Inprogress","timestamp":"2024-07-22T10:09:45.286Z"}
{"level":"info","message":"pollingStatus ===> Inprogress","timestamp":"2024-07-22T10:09:45.570Z"}
{"level":"info","message":"pollingStatus ===> Inprogress","timestamp":"2024-07-22T10:09:45.855Z"}
{"level":"info","message":"pollingStatus ===> Inprogress","timestamp":"2024-07-22T10:09:46.185Z"}
{"level":"info","message":"pollingStatus ===> Inprogress","timestamp":"2024-07-22T10:09:46.470Z"}
{"level":"info","message":"pollingStatus ===> Inprogress","timestamp":"2024-07-22T10:09:46.759Z"}
{"level":"info","message":"pollingStatus ===> Inprogress","timestamp":"2024-07-22T10:09:47.044Z"}
{"level":"info","message":"pollingStatus ===> Inprogress","timestamp":"2024-07-22T10:09:47.332Z"}
{"level":"info","message":"pollingStatus ===> Inprogress","timestamp":"2024-07-22T10:09:47.617Z"}
{"level":"info","message":"pollingStatus ===> Inprogress","timestamp":"2024-07-22T10:09:47.900Z"}
{"level":"info","message":"pollingStatus ===> Inprogress","timestamp":"2024-07-22T10:09:48.189Z"}
{"level":"info","message":"pollingStatus ===> Inprogress","timestamp":"2024-07-22T10:09:48.468Z"}
{"level":"info","message":"pollingStatus ===> Inprogress","timestamp":"2024-07-22T10:09:48.761Z"}
{"level":"info","message":"pollingStatus ===> Inprogress","timestamp":"2024-07-22T10:09:49.044Z"}
{"level":"info","message":"pollingStatus ===> Inprogress","timestamp":"2024-07-22T10:09:49.334Z"}
{"level":"info","message":"pollingStatus ===> Inprogress","timestamp":"2024-07-22T10:09:49.614Z"}
{"level":"info","message":"pollingStatus ===> Inprogress","timestamp":"2024-07-22T10:09:49.905Z"}
{"level":"info","message":"pollingStatus ===> Inprogress","timestamp":"2024-07-22T10:09:50.190Z"}
{"level":"info","message":"pollingStatus ===> Inprogress","timestamp":"2024-07-22T10:09:50.474Z"}
{"level":"info","message":"pollingStatus ===> Inprogress","timestamp":"2024-07-22T10:09:50.756Z"}
{"level":"info","message":"pollingStatus ===> Inprogress","timestamp":"2024-07-22T10:09:51.045Z"}
{"level":"info","message":"pollingStatus ===> Inprogress","timestamp":"2024-07-22T10:09:51.352Z"}
{"level":"info","message":"pollingStatus ===> Inprogress","timestamp":"2024-07-22T10:09:51.635Z"}
{"level":"info","message":"pollingStatus ===> Inprogress","timestamp":"2024-07-22T10:09:51.926Z"}
{"level":"info","message":"pollingStatus ===> Inprogress","timestamp":"2024-07-22T10:09:52.208Z"}
{"level":"info","message":"pollingStatus ===> Inprogress","timestamp":"2024-07-22T10:09:52.490Z"}
{"level":"info","message":"pollingStatus ===> Inprogress","timestamp":"2024-07-22T10:09:52.775Z"}
{"level":"info","message":"pollingStatus ===> Inprogress","timestamp":"2024-07-22T10:09:53.063Z"}
{"level":"info","message":"pollingStatus ===> Inprogress","timestamp":"2024-07-22T10:09:53.376Z"}
{"level":"info","message":"pollingStatus ===> Inprogress","timestamp":"2024-07-22T10:09:53.660Z"}
{"level":"info","message":"pollingStatus ===> Inprogress","timestamp":"2024-07-22T10:09:53.943Z"}
{"level":"info","message":"pollingStatus ===> Inprogress","timestamp":"2024-07-22T10:09:54.225Z"}
{"level":"info","message":"pollingStatus ===> Inprogress","timestamp":"2024-07-22T10:09:54.510Z"}
{"level":"info","message":"pollingStatus ===> Inprogress","timestamp":"2024-07-22T10:09:54.806Z"}
{"level":"info","message":"pollingStatus ===> Inprogress","timestamp":"2024-07-22T10:09:55.089Z"}
{"level":"info","message":"pollingStatus ===> Inprogress","timestamp":"2024-07-22T10:09:55.377Z"}
{"level":"info","message":"pollingStatus ===> Inprogress","timestamp":"2024-07-22T10:09:55.670Z"}
{"level":"info","message":"pollingStatus ===> Inprogress","timestamp":"2024-07-22T10:09:55.954Z"}
{"level":"info","message":"pollingStatus ===> Inprogress","timestamp":"2024-07-22T10:09:56.238Z"}
{"level":"info","message":"pollingStatus ===> Inprogress","timestamp":"2024-07-22T10:09:56.518Z"}
{"level":"info","message":"pollingStatus ===> Inprogress","timestamp":"2024-07-22T10:09:56.803Z"}
{"level":"info","message":"pollingStatus ===> Inprogress","timestamp":"2024-07-22T10:09:57.089Z"}
{"level":"info","message":"pollingStatus ===> Inprogress","timestamp":"2024-07-22T10:09:57.368Z"}
{"level":"info","message":"pollingStatus ===> Inprogress","timestamp":"2024-07-22T10:09:57.650Z"}
{"level":"info","message":"pollingStatus ===> Inprogress","timestamp":"2024-07-22T10:09:57.956Z"}
{"level":"info","message":"pollingStatus ===> Inprogress","timestamp":"2024-07-22T10:09:58.238Z"}
{"level":"info","message":"pollingStatus ===> Inprogress","timestamp":"2024-07-22T10:09:58.530Z"}
{"level":"info","message":"pollingStatus ===> Inprogress","timestamp":"2024-07-22T10:09:58.818Z"}
{"level":"info","message":"pollingStatus ===> Inprogress","timestamp":"2024-07-22T10:09:59.102Z"}
{"level":"info","message":"pollingStatus ===> Inprogress","timestamp":"2024-07-22T10:09:59.386Z"}
{"level":"info","message":"pollingStatus ===> Inprogress","timestamp":"2024-07-22T10:09:59.669Z"}
{"level":"info","message":"pollingStatus ===> Inprogress","timestamp":"2024-07-22T10:09:59.959Z"}
{"level":"info","message":"pollingStatus ===> Inprogress","timestamp":"2024-07-22T10:10:00.247Z"}
{"level":"info","message":"pollingStatus ===> Inprogress","timestamp":"2024-07-22T10:10:00.552Z"}
{"level":"info","message":"pollingStatus ===> Inprogress","timestamp":"2024-07-22T10:10:00.835Z"}
{"level":"info","message":"pollingStatus ===> Inprogress","timestamp":"2024-07-22T10:10:01.121Z"}
{"level":"info","message":"pollingStatus ===> Inprogress","timestamp":"2024-07-22T10:10:01.407Z"}
{"level":"info","message":"pollingStatus ===> Inprogress","timestamp":"2024-07-22T10:10:01.695Z"}
{"level":"info","message":"pollingStatus ===> Inprogress","timestamp":"2024-07-22T10:10:01.981Z"}
{"level":"info","message":"pollingStatus ===> Inprogress","timestamp":"2024-07-22T10:10:02.267Z"}
{"level":"info","message":"pollingStatus ===> Inprogress","timestamp":"2024-07-22T10:10:02.553Z"}
{"level":"info","message":"pollingStatus ===> Inprogress","timestamp":"2024-07-22T10:10:02.841Z"}
{"level":"info","message":"pollingStatus ===> Inprogress","timestamp":"2024-07-22T10:10:03.132Z"}
{"level":"info","message":"pollingStatus ===> Inprogress","timestamp":"2024-07-22T10:10:03.417Z"}
{"level":"info","message":"pollingStatus ===> Inprogress","timestamp":"2024-07-22T10:10:03.697Z"}
{"level":"info","message":"pollingStatus ===> Inprogress","timestamp":"2024-07-22T10:10:04.049Z"}
{"level":"info","message":"pollingStatus ===> Inprogress","timestamp":"2024-07-22T10:10:04.338Z"}
{"level":"info","message":"pollingStatus ===> Inprogress","timestamp":"2024-07-22T10:10:04.621Z"}
{"level":"info","message":"pollingStatus ===> Inprogress","timestamp":"2024-07-22T10:10:04.928Z"}
{"level":"info","message":"pollingStatus ===> Inprogress","timestamp":"2024-07-22T10:10:05.212Z"}
{"level":"info","message":"pollingStatus ===> Inprogress","timestamp":"2024-07-22T10:10:05.495Z"}
{"level":"info","message":"pollingStatus ===> Inprogress","timestamp":"2024-07-22T10:10:05.780Z"}
{"level":"info","message":"pollingStatus ===> Inprogress","timestamp":"2024-07-22T10:10:06.066Z"}
{"level":"info","message":"pollingStatus ===> Inprogress","timestamp":"2024-07-22T10:10:06.351Z"}
{"level":"info","message":"pollingStatus ===> Inprogress","timestamp":"2024-07-22T10:10:06.637Z"}
{"level":"info","message":"pollingStatus ===> Inprogress","timestamp":"2024-07-22T10:10:06.955Z"}
{"level":"info","message":"pollingStatus ===> Inprogress","timestamp":"2024-07-22T10:10:07.242Z"}
{"level":"info","message":"pollingStatus ===> Inprogress","timestamp":"2024-07-22T10:10:07.542Z"}
{"level":"info","message":"pollingStatus ===> Inprogress","timestamp":"2024-07-22T10:10:07.841Z"}
{"level":"info","message":"pollingStatus ===> Inprogress","timestamp":"2024-07-22T10:10:08.126Z"}
{"level":"info","message":"pollingStatus ===> Inprogress","timestamp":"2024-07-22T10:10:08.406Z"}
{"level":"info","message":"pollingStatus ===> Inprogress","timestamp":"2024-07-22T10:10:08.772Z"}
{"level":"info","message":"pollingStatus ===> Inprogress","timestamp":"2024-07-22T10:10:09.054Z"}
{"level":"info","message":"pollingStatus ===> Inprogress","timestamp":"2024-07-22T10:10:09.339Z"}
{"level":"info","message":"pollingStatus ===> Inprogress","timestamp":"2024-07-22T10:10:09.630Z"}
{"level":"info","message":"pollingStatus ===> Inprogress","timestamp":"2024-07-22T10:10:09.979Z"}
{"level":"info","message":"pollingStatus ===> Inprogress","timestamp":"2024-07-22T10:10:10.279Z"}
{"level":"info","message":"pollingStatus ===> Inprogress","timestamp":"2024-07-22T10:10:10.559Z"}
{"level":"info","message":"pollingStatus ===> Inprogress","timestamp":"2024-07-22T10:10:10.841Z"}
{"level":"info","message":"pollingStatus ===> Inprogress","timestamp":"2024-07-22T10:10:11.124Z"}
{"level":"info","message":"pollingStatus ===> Inprogress","timestamp":"2024-07-22T10:10:11.461Z"}
{"level":"info","message":"pollingStatus ===> Inprogress","timestamp":"2024-07-22T10:10:11.745Z"}
{"level":"info","message":"pollingStatus ===> Inprogress","timestamp":"2024-07-22T10:10:12.047Z"}
{"level":"info","message":"pollingStatus ===> Inprogress","timestamp":"2024-07-22T10:10:12.339Z"}
{"level":"info","message":"pollingStatus ===> Inprogress","timestamp":"2024-07-22T10:10:12.623Z"}
{"level":"info","message":"pollingStatus ===> Inprogress","timestamp":"2024-07-22T10:10:12.905Z"}
{"level":"info","message":"pollingStatus ===> Inprogress","timestamp":"2024-07-22T10:10:13.202Z"}
{"level":"info","message":"bot message ==> [\"\\n\\n\\n\\nIntent 1 message 1\",\"Intent 2 : Message 2\"]","timestamp":"2024-07-22T10:10:13.484Z"}
{"level":"info","message":"API Succeeded","timestamp":"2024-07-22T10:12:17.141Z"}
{"level":"info","message":"pollId ==> e114c2ee8492706ce90a019cb92481f5","timestamp":"2024-07-22T10:12:20.012Z"}
{"level":"info","message":"pollingStatus ===> Inprogress","timestamp":"2024-07-22T10:12:20.263Z"}
{"level":"info","message":"pollingStatus ===> Inprogress","timestamp":"2024-07-22T10:12:20.515Z"}
{"level":"info","message":"pollingStatus ===> Inprogress","timestamp":"2024-07-22T10:12:20.777Z"}
{"level":"info","message":"pollingStatus ===> Inprogress","timestamp":"2024-07-22T10:12:21.030Z"}
{"level":"info","message":"pollingStatus ===> Inprogress","timestamp":"2024-07-22T10:12:21.308Z"}
{"level":"info","message":"pollingStatus ===> Inprogress","timestamp":"2024-07-22T10:12:21.566Z"}
{"level":"info","message":"pollingStatus ===> Inprogress","timestamp":"2024-07-22T10:12:21.845Z"}
{"level":"info","message":"pollingStatus ===> Inprogress","timestamp":"2024-07-22T10:12:22.096Z"}
{"level":"info","message":"pollingStatus ===> Inprogress","timestamp":"2024-07-22T10:12:22.350Z"}
{"level":"info","message":"pollingStatus ===> Inprogress","timestamp":"2024-07-22T10:12:22.620Z"}
{"level":"info","message":"pollingStatus ===> Inprogress","timestamp":"2024-07-22T10:12:22.877Z"}
{"level":"info","message":"pollingStatus ===> Inprogress","timestamp":"2024-07-22T10:12:23.143Z"}
{"level":"info","message":"pollingStatus ===> Inprogress","timestamp":"2024-07-22T10:12:23.394Z"}
{"level":"info","message":"pollingStatus ===> Inprogress","timestamp":"2024-07-22T10:12:23.647Z"}
{"level":"info","message":"pollingStatus ===> Inprogress","timestamp":"2024-07-22T10:12:23.895Z"}
{"level":"info","message":"pollingStatus ===> Inprogress","timestamp":"2024-07-22T10:12:24.183Z"}
{"level":"info","message":"pollingStatus ===> Inprogress","timestamp":"2024-07-22T10:12:24.437Z"}
{"level":"info","message":"pollingStatus ===> Inprogress","timestamp":"2024-07-22T10:12:24.710Z"}
{"level":"info","message":"pollingStatus ===> Inprogress","timestamp":"2024-07-22T10:12:24.966Z"}
{"level":"info","message":"pollingStatus ===> Inprogress","timestamp":"2024-07-22T10:12:25.219Z"}
{"level":"info","message":"pollingStatus ===> Inprogress","timestamp":"2024-07-22T10:12:25.467Z"}
{"level":"info","message":"pollingStatus ===> Inprogress","timestamp":"2024-07-22T10:12:25.713Z"}
{"level":"info","message":"pollingStatus ===> Inprogress","timestamp":"2024-07-22T10:12:25.967Z"}
{"level":"info","message":"pollingStatus ===> Inprogress","timestamp":"2024-07-22T10:12:26.212Z"}
{"level":"info","message":"pollingStatus ===> Inprogress","timestamp":"2024-07-22T10:12:26.483Z"}
{"level":"info","message":"pollingStatus ===> Inprogress","timestamp":"2024-07-22T10:12:26.744Z"}
{"level":"info","message":"pollingStatus ===> Inprogress","timestamp":"2024-07-22T10:12:26.991Z"}
{"level":"info","message":"pollingStatus ===> Inprogress","timestamp":"2024-07-22T10:12:27.236Z"}
{"level":"info","message":"pollingStatus ===> Inprogress","timestamp":"2024-07-22T10:12:27.481Z"}
{"level":"info","message":"pollingStatus ===> Inprogress","timestamp":"2024-07-22T10:12:27.789Z"}
{"level":"info","message":"pollingStatus ===> Inprogress","timestamp":"2024-07-22T10:12:28.041Z"}
{"level":"info","message":"pollingStatus ===> Inprogress","timestamp":"2024-07-22T10:12:28.287Z"}
{"level":"info","message":"pollingStatus ===> Inprogress","timestamp":"2024-07-22T10:12:28.532Z"}
{"level":"info","message":"pollingStatus ===> Inprogress","timestamp":"2024-07-22T10:12:28.780Z"}
{"level":"info","message":"pollingStatus ===> Inprogress","timestamp":"2024-07-22T10:12:29.025Z"}
{"level":"info","message":"pollingStatus ===> Inprogress","timestamp":"2024-07-22T10:12:29.271Z"}
{"level":"info","message":"pollingStatus ===> Inprogress","timestamp":"2024-07-22T10:12:29.541Z"}
{"level":"info","message":"pollingStatus ===> Inprogress","timestamp":"2024-07-22T10:12:29.856Z"}
{"level":"info","message":"pollingStatus ===> Inprogress","timestamp":"2024-07-22T10:12:30.164Z"}
{"level":"info","message":"pollingStatus ===> Inprogress","timestamp":"2024-07-22T10:12:30.420Z"}
{"level":"info","message":"pollingStatus ===> Inprogress","timestamp":"2024-07-22T10:12:30.689Z"}
{"level":"info","message":"pollingStatus ===> Inprogress","timestamp":"2024-07-22T10:12:30.940Z"}
{"level":"info","message":"pollingStatus ===> Inprogress","timestamp":"2024-07-22T10:12:31.211Z"}
{"level":"info","message":"pollingStatus ===> Inprogress","timestamp":"2024-07-22T10:12:31.468Z"}
{"level":"info","message":"pollingStatus ===> Inprogress","timestamp":"2024-07-22T10:12:31.734Z"}
{"level":"info","message":"pollingStatus ===> Inprogress","timestamp":"2024-07-22T10:12:32.009Z"}
{"level":"info","message":"pollingStatus ===> Inprogress","timestamp":"2024-07-22T10:12:32.257Z"}
{"level":"info","message":"pollingStatus ===> Inprogress","timestamp":"2024-07-22T10:12:32.504Z"}
{"level":"info","message":"pollingStatus ===> Inprogress","timestamp":"2024-07-22T10:12:32.749Z"}
{"level":"info","message":"pollingStatus ===> Inprogress","timestamp":"2024-07-22T10:12:33.006Z"}
{"level":"info","message":"pollingStatus ===> Inprogress","timestamp":"2024-07-22T10:12:33.251Z"}
{"level":"info","message":"pollingStatus ===> Inprogress","timestamp":"2024-07-22T10:12:33.509Z"}
{"level":"info","message":"pollingStatus ===> Inprogress","timestamp":"2024-07-22T10:12:33.759Z"}
{"level":"info","message":"pollingStatus ===> Inprogress","timestamp":"2024-07-22T10:12:34.008Z"}
{"level":"info","message":"pollingStatus ===> Inprogress","timestamp":"2024-07-22T10:12:34.266Z"}
{"level":"info","message":"pollingStatus ===> Inprogress","timestamp":"2024-07-22T10:12:34.513Z"}
{"level":"info","message":"pollingStatus ===> Inprogress","timestamp":"2024-07-22T10:12:34.756Z"}
{"level":"info","message":"pollingStatus ===> Inprogress","timestamp":"2024-07-22T10:12:35.001Z"}
{"level":"info","message":"pollingStatus ===> Inprogress","timestamp":"2024-07-22T10:12:35.246Z"}
{"level":"info","message":"pollingStatus ===> Inprogress","timestamp":"2024-07-22T10:12:35.493Z"}
{"level":"info","message":"pollingStatus ===> Inprogress","timestamp":"2024-07-22T10:12:35.737Z"}
{"level":"info","message":"pollingStatus ===> Inprogress","timestamp":"2024-07-22T10:12:35.989Z"}
{"level":"info","message":"pollingStatus ===> Inprogress","timestamp":"2024-07-22T10:12:36.240Z"}
{"level":"info","message":"pollingStatus ===> Inprogress","timestamp":"2024-07-22T10:12:36.491Z"}
{"level":"info","message":"pollingStatus ===> Inprogress","timestamp":"2024-07-22T10:12:36.738Z"}
{"level":"info","message":"pollingStatus ===> Inprogress","timestamp":"2024-07-22T10:12:36.982Z"}
{"level":"info","message":"pollingStatus ===> Inprogress","timestamp":"2024-07-22T10:12:37.227Z"}
{"level":"info","message":"pollingStatus ===> Inprogress","timestamp":"2024-07-22T10:12:37.475Z"}
{"level":"info","message":"pollingStatus ===> Inprogress","timestamp":"2024-07-22T10:12:37.724Z"}
{"level":"info","message":"pollingStatus ===> Inprogress","timestamp":"2024-07-22T10:12:37.975Z"}
{"level":"info","message":"pollingStatus ===> Inprogress","timestamp":"2024-07-22T10:12:38.229Z"}
{"level":"info","message":"pollingStatus ===> Inprogress","timestamp":"2024-07-22T10:12:38.476Z"}
{"level":"info","message":"pollingStatus ===> Inprogress","timestamp":"2024-07-22T10:12:38.724Z"}
{"level":"info","message":"pollingStatus ===> Inprogress","timestamp":"2024-07-22T10:12:38.975Z"}
{"level":"info","message":"pollingStatus ===> Inprogress","timestamp":"2024-07-22T10:12:39.220Z"}
{"level":"info","message":"pollingStatus ===> Inprogress","timestamp":"2024-07-22T10:12:39.466Z"}
{"level":"info","message":"pollingStatus ===> Inprogress","timestamp":"2024-07-22T10:12:39.735Z"}
{"level":"info","message":"pollingStatus ===> Inprogress","timestamp":"2024-07-22T10:12:39.982Z"}
{"level":"info","message":"pollingStatus ===> Inprogress","timestamp":"2024-07-22T10:12:40.229Z"}
{"level":"info","message":"pollingStatus ===> Inprogress","timestamp":"2024-07-22T10:12:40.477Z"}
{"level":"info","message":"pollingStatus ===> Inprogress","timestamp":"2024-07-22T10:12:40.742Z"}
{"level":"info","message":"pollingStatus ===> Inprogress","timestamp":"2024-07-22T10:12:40.988Z"}
{"level":"info","message":"pollingStatus ===> Inprogress","timestamp":"2024-07-22T10:12:41.239Z"}
{"level":"info","message":"pollingStatus ===> Inprogress","timestamp":"2024-07-22T10:12:41.489Z"}
{"level":"info","message":"pollingStatus ===> Inprogress","timestamp":"2024-07-22T10:12:41.738Z"}
{"level":"info","message":"pollingStatus ===> Inprogress","timestamp":"2024-07-22T10:12:41.985Z"}
{"level":"info","message":"pollingStatus ===> Inprogress","timestamp":"2024-07-22T10:12:42.239Z"}
{"level":"info","message":"pollingStatus ===> Inprogress","timestamp":"2024-07-22T10:12:42.493Z"}
{"level":"info","message":"pollingStatus ===> Inprogress","timestamp":"2024-07-22T10:12:42.742Z"}
{"level":"info","message":"pollingStatus ===> Inprogress","timestamp":"2024-07-22T10:12:42.993Z"}
{"level":"info","message":"pollingStatus ===> Inprogress","timestamp":"2024-07-22T10:12:43.250Z"}
{"level":"info","message":"pollingStatus ===> Inprogress","timestamp":"2024-07-22T10:12:43.497Z"}
{"level":"info","message":"pollingStatus ===> Inprogress","timestamp":"2024-07-22T10:12:43.746Z"}
{"level":"info","message":"pollingStatus ===> Inprogress","timestamp":"2024-07-22T10:12:44.037Z"}
{"level":"info","message":"pollingStatus ===> Inprogress","timestamp":"2024-07-22T10:12:44.306Z"}
{"level":"info","message":"pollingStatus ===> Inprogress","timestamp":"2024-07-22T10:12:44.558Z"}
{"level":"info","message":"pollingStatus ===> Inprogress","timestamp":"2024-07-22T10:12:44.841Z"}
{"level":"info","message":"pollingStatus ===> Inprogress","timestamp":"2024-07-22T10:12:45.154Z"}
{"level":"info","message":"pollingStatus ===> Inprogress","timestamp":"2024-07-22T10:12:45.415Z"}
{"level":"info","message":"pollingStatus ===> Inprogress","timestamp":"2024-07-22T10:12:45.697Z"}
{"level":"info","message":"pollingStatus ===> Inprogress","timestamp":"2024-07-22T10:12:45.971Z"}
{"level":"info","message":"pollingStatus ===> Inprogress","timestamp":"2024-07-22T10:12:46.216Z"}
{"level":"info","message":"pollingStatus ===> Inprogress","timestamp":"2024-07-22T10:12:46.490Z"}
{"level":"info","message":"pollingStatus ===> Inprogress","timestamp":"2024-07-22T10:12:46.765Z"}
{"level":"info","message":"pollingStatus ===> Inprogress","timestamp":"2024-07-22T10:12:47.019Z"}
{"level":"info","message":"pollingStatus ===> Inprogress","timestamp":"2024-07-22T10:12:47.265Z"}
{"level":"info","message":"pollingStatus ===> Inprogress","timestamp":"2024-07-22T10:12:47.511Z"}
{"level":"info","message":"pollingStatus ===> Inprogress","timestamp":"2024-07-22T10:12:47.756Z"}
{"level":"info","message":"pollingStatus ===> Inprogress","timestamp":"2024-07-22T10:12:48.017Z"}
{"level":"info","message":"pollingStatus ===> Inprogress","timestamp":"2024-07-22T10:12:48.262Z"}
{"level":"info","message":"pollingStatus ===> Inprogress","timestamp":"2024-07-22T10:12:48.531Z"}
{"level":"info","message":"pollingStatus ===> Inprogress","timestamp":"2024-07-22T10:12:48.780Z"}
{"level":"info","message":"pollingStatus ===> Inprogress","timestamp":"2024-07-22T10:12:49.025Z"}
{"level":"info","message":"pollingStatus ===> Inprogress","timestamp":"2024-07-22T10:12:49.271Z"}
{"level":"info","message":"pollingStatus ===> Inprogress","timestamp":"2024-07-22T10:12:49.519Z"}
{"level":"info","message":"pollingStatus ===> Inprogress","timestamp":"2024-07-22T10:12:49.769Z"}
{"level":"info","message":"pollingStatus ===> Inprogress","timestamp":"2024-07-22T10:12:50.016Z"}
{"level":"info","message":"pollingStatus ===> Inprogress","timestamp":"2024-07-22T10:12:50.261Z"}
{"level":"info","message":"pollingStatus ===> Inprogress","timestamp":"2024-07-22T10:12:50.520Z"}
{"level":"info","message":"pollingStatus ===> Inprogress","timestamp":"2024-07-22T10:12:50.769Z"}
{"level":"info","message":"bot message ==> [\"\\n\\n\\n\\nIntent 1 message 1\",\"Intent 2 : Message 2\"]","timestamp":"2024-07-22T10:12:51.036Z"}
{"level":"info","message":"API Succeeded","timestamp":"2024-07-22T10:13:27.219Z"}
{"level":"info","message":"bot message ==> \"Explore\"","timestamp":"2024-07-22T10:13:44.406Z"}
{"level":"info","message":"API Succeeded","timestamp":"2024-07-22T10:14:05.770Z"}
{"level":"info","message":"API Succeeded","timestamp":"2024-07-22T10:15:22.711Z"}
{"level":"info","message":"bot message ==> \"Explore\"","timestamp":"2024-07-22T10:15:39.722Z"}
{"level":"info","message":"API Succeeded","timestamp":"2024-07-22T10:17:42.660Z"}
{"level":"info","message":"pollId ==> 5269adbdb519157e532e4e9c7aa2d15d","timestamp":"2024-07-22T10:17:44.428Z"}
{"level":"info","message":"pollingStatus ===> Inprogress","timestamp":"2024-07-22T10:17:44.672Z"}
{"level":"info","message":"pollingStatus ===> Inprogress","timestamp":"2024-07-22T10:17:44.930Z"}
{"level":"info","message":"pollingStatus ===> Inprogress","timestamp":"2024-07-22T10:17:45.177Z"}
{"level":"info","message":"pollingStatus ===> Inprogress","timestamp":"2024-07-22T10:17:45.423Z"}
{"level":"info","message":"pollingStatus ===> Inprogress","timestamp":"2024-07-22T10:17:45.679Z"}
{"level":"info","message":"pollingStatus ===> Inprogress","timestamp":"2024-07-22T10:17:45.928Z"}
{"level":"info","message":"pollingStatus ===> Inprogress","timestamp":"2024-07-22T10:17:46.172Z"}
{"level":"info","message":"pollingStatus ===> Inprogress","timestamp":"2024-07-22T10:17:46.418Z"}
{"level":"info","message":"pollingStatus ===> Inprogress","timestamp":"2024-07-22T10:17:46.666Z"}
{"level":"info","message":"pollingStatus ===> Inprogress","timestamp":"2024-07-22T10:17:46.921Z"}
{"level":"info","message":"pollingStatus ===> Inprogress","timestamp":"2024-07-22T10:17:47.168Z"}
{"level":"info","message":"pollingStatus ===> Inprogress","timestamp":"2024-07-22T10:17:47.415Z"}
{"level":"info","message":"pollingStatus ===> Inprogress","timestamp":"2024-07-22T10:17:47.660Z"}
{"level":"info","message":"pollingStatus ===> Inprogress","timestamp":"2024-07-22T10:17:47.902Z"}
{"level":"info","message":"pollingStatus ===> Inprogress","timestamp":"2024-07-22T10:17:48.150Z"}
{"level":"info","message":"pollingStatus ===> Inprogress","timestamp":"2024-07-22T10:17:48.412Z"}
{"level":"info","message":"pollingStatus ===> Inprogress","timestamp":"2024-07-22T10:17:48.657Z"}
{"level":"info","message":"pollingStatus ===> Inprogress","timestamp":"2024-07-22T10:17:48.901Z"}
{"level":"info","message":"pollingStatus ===> Inprogress","timestamp":"2024-07-22T10:17:49.148Z"}
{"level":"info","message":"pollingStatus ===> Inprogress","timestamp":"2024-07-22T10:17:49.393Z"}
{"level":"info","message":"pollingStatus ===> Inprogress","timestamp":"2024-07-22T10:17:49.642Z"}
{"level":"info","message":"pollingStatus ===> Inprogress","timestamp":"2024-07-22T10:17:49.887Z"}
{"level":"info","message":"pollingStatus ===> Inprogress","timestamp":"2024-07-22T10:17:50.132Z"}
{"level":"info","message":"pollingStatus ===> Inprogress","timestamp":"2024-07-22T10:17:50.376Z"}
{"level":"info","message":"pollingStatus ===> Inprogress","timestamp":"2024-07-22T10:17:50.619Z"}
{"level":"info","message":"pollingStatus ===> Inprogress","timestamp":"2024-07-22T10:17:50.865Z"}
{"level":"info","message":"pollingStatus ===> Inprogress","timestamp":"2024-07-22T10:17:51.107Z"}
{"level":"info","message":"pollingStatus ===> Inprogress","timestamp":"2024-07-22T10:17:51.353Z"}
{"level":"info","message":"pollingStatus ===> Inprogress","timestamp":"2024-07-22T10:17:51.599Z"}
{"level":"info","message":"pollingStatus ===> Inprogress","timestamp":"2024-07-22T10:17:51.842Z"}
{"level":"info","message":"pollingStatus ===> Inprogress","timestamp":"2024-07-22T10:17:52.102Z"}
{"level":"info","message":"pollingStatus ===> Inprogress","timestamp":"2024-07-22T10:17:52.350Z"}
{"level":"info","message":"pollingStatus ===> Inprogress","timestamp":"2024-07-22T10:17:52.595Z"}
{"level":"info","message":"pollingStatus ===> Inprogress","timestamp":"2024-07-22T10:17:52.840Z"}
{"level":"info","message":"pollingStatus ===> Inprogress","timestamp":"2024-07-22T10:17:53.086Z"}
{"level":"info","message":"pollingStatus ===> Inprogress","timestamp":"2024-07-22T10:17:53.330Z"}
{"level":"info","message":"pollingStatus ===> Inprogress","timestamp":"2024-07-22T10:17:53.573Z"}
{"level":"info","message":"pollingStatus ===> Inprogress","timestamp":"2024-07-22T10:17:53.816Z"}
{"level":"info","message":"pollingStatus ===> Inprogress","timestamp":"2024-07-22T10:17:54.057Z"}
{"level":"info","message":"pollingStatus ===> Inprogress","timestamp":"2024-07-22T10:17:54.303Z"}
{"level":"info","message":"pollingStatus ===> Inprogress","timestamp":"2024-07-22T10:17:54.547Z"}
{"level":"info","message":"pollingStatus ===> Inprogress","timestamp":"2024-07-22T10:17:54.802Z"}
{"level":"info","message":"pollingStatus ===> Inprogress","timestamp":"2024-07-22T10:17:55.049Z"}
{"level":"info","message":"pollingStatus ===> Inprogress","timestamp":"2024-07-22T10:17:55.291Z"}
{"level":"info","message":"pollingStatus ===> Inprogress","timestamp":"2024-07-22T10:17:55.537Z"}
{"level":"info","message":"pollingStatus ===> Inprogress","timestamp":"2024-07-22T10:17:55.781Z"}
{"level":"info","message":"pollingStatus ===> Inprogress","timestamp":"2024-07-22T10:17:56.025Z"}
{"level":"info","message":"pollingStatus ===> Inprogress","timestamp":"2024-07-22T10:17:56.269Z"}
{"level":"info","message":"pollingStatus ===> Inprogress","timestamp":"2024-07-22T10:17:56.514Z"}
{"level":"info","message":"pollingStatus ===> Inprogress","timestamp":"2024-07-22T10:17:56.758Z"}
{"level":"info","message":"pollingStatus ===> Inprogress","timestamp":"2024-07-22T10:17:57.003Z"}
{"level":"info","message":"pollingStatus ===> Inprogress","timestamp":"2024-07-22T10:17:57.247Z"}
{"level":"info","message":"pollingStatus ===> Inprogress","timestamp":"2024-07-22T10:17:57.491Z"}
{"level":"info","message":"pollingStatus ===> Inprogress","timestamp":"2024-07-22T10:17:57.737Z"}
{"level":"info","message":"pollingStatus ===> Inprogress","timestamp":"2024-07-22T10:17:57.982Z"}
{"level":"info","message":"pollingStatus ===> Inprogress","timestamp":"2024-07-22T10:17:58.228Z"}
{"level":"info","message":"pollingStatus ===> Inprogress","timestamp":"2024-07-22T10:17:58.473Z"}
{"level":"info","message":"pollingStatus ===> Inprogress","timestamp":"2024-07-22T10:17:58.717Z"}
{"level":"info","message":"pollingStatus ===> Inprogress","timestamp":"2024-07-22T10:17:58.963Z"}
{"level":"info","message":"pollingStatus ===> Inprogress","timestamp":"2024-07-22T10:17:59.207Z"}
{"level":"info","message":"pollingStatus ===> Inprogress","timestamp":"2024-07-22T10:17:59.456Z"}
{"level":"info","message":"pollingStatus ===> Inprogress","timestamp":"2024-07-22T10:17:59.703Z"}
{"level":"info","message":"pollingStatus ===> Inprogress","timestamp":"2024-07-22T10:17:59.949Z"}
{"level":"info","message":"pollingStatus ===> Inprogress","timestamp":"2024-07-22T10:18:00.194Z"}
{"level":"info","message":"pollingStatus ===> Inprogress","timestamp":"2024-07-22T10:18:00.440Z"}
{"level":"info","message":"pollingStatus ===> Inprogress","timestamp":"2024-07-22T10:18:00.686Z"}
{"level":"info","message":"pollingStatus ===> Inprogress","timestamp":"2024-07-22T10:18:00.935Z"}
{"level":"info","message":"pollingStatus ===> Inprogress","timestamp":"2024-07-22T10:18:01.181Z"}
{"level":"info","message":"pollingStatus ===> Inprogress","timestamp":"2024-07-22T10:18:01.429Z"}
{"level":"info","message":"pollingStatus ===> Inprogress","timestamp":"2024-07-22T10:18:01.674Z"}
{"level":"info","message":"pollingStatus ===> Inprogress","timestamp":"2024-07-22T10:18:01.923Z"}
{"level":"info","message":"pollingStatus ===> Inprogress","timestamp":"2024-07-22T10:18:02.169Z"}
{"level":"info","message":"pollingStatus ===> Inprogress","timestamp":"2024-07-22T10:18:02.414Z"}
{"level":"info","message":"pollingStatus ===> Inprogress","timestamp":"2024-07-22T10:18:02.659Z"}
{"level":"info","message":"pollingStatus ===> Inprogress","timestamp":"2024-07-22T10:18:02.911Z"}
{"level":"info","message":"pollingStatus ===> Inprogress","timestamp":"2024-07-22T10:18:03.153Z"}
{"level":"info","message":"pollingStatus ===> Inprogress","timestamp":"2024-07-22T10:18:03.420Z"}
{"level":"info","message":"pollingStatus ===> Inprogress","timestamp":"2024-07-22T10:18:03.667Z"}
{"level":"info","message":"pollingStatus ===> Inprogress","timestamp":"2024-07-22T10:18:03.920Z"}
{"level":"info","message":"pollingStatus ===> Inprogress","timestamp":"2024-07-22T10:18:04.183Z"}
{"level":"info","message":"pollingStatus ===> Inprogress","timestamp":"2024-07-22T10:18:04.426Z"}
{"level":"info","message":"pollingStatus ===> Inprogress","timestamp":"2024-07-22T10:18:04.670Z"}
{"level":"info","message":"pollingStatus ===> Inprogress","timestamp":"2024-07-22T10:18:04.927Z"}
{"level":"info","message":"pollingStatus ===> Inprogress","timestamp":"2024-07-22T10:18:05.199Z"}
{"level":"info","message":"pollingStatus ===> Inprogress","timestamp":"2024-07-22T10:18:05.445Z"}
{"level":"info","message":"pollingStatus ===> Inprogress","timestamp":"2024-07-22T10:18:05.688Z"}
{"level":"info","message":"pollingStatus ===> Inprogress","timestamp":"2024-07-22T10:18:05.935Z"}
{"level":"info","message":"pollingStatus ===> Inprogress","timestamp":"2024-07-22T10:18:06.187Z"}
{"level":"info","message":"pollingStatus ===> Inprogress","timestamp":"2024-07-22T10:18:06.432Z"}
{"level":"info","message":"pollingStatus ===> Inprogress","timestamp":"2024-07-22T10:18:06.697Z"}
{"level":"info","message":"pollingStatus ===> Inprogress","timestamp":"2024-07-22T10:18:06.945Z"}
{"level":"info","message":"pollingStatus ===> Inprogress","timestamp":"2024-07-22T10:18:07.195Z"}
{"level":"info","message":"pollingStatus ===> Inprogress","timestamp":"2024-07-22T10:18:07.455Z"}
{"level":"info","message":"pollingStatus ===> Inprogress","timestamp":"2024-07-22T10:18:07.699Z"}
{"level":"info","message":"pollingStatus ===> Inprogress","timestamp":"2024-07-22T10:18:07.944Z"}
{"level":"info","message":"pollingStatus ===> Inprogress","timestamp":"2024-07-22T10:18:08.188Z"}
{"level":"info","message":"pollingStatus ===> Inprogress","timestamp":"2024-07-22T10:18:08.433Z"}
{"level":"info","message":"pollingStatus ===> Inprogress","timestamp":"2024-07-22T10:18:08.738Z"}
{"level":"info","message":"pollingStatus ===> Inprogress","timestamp":"2024-07-22T10:18:09.024Z"}
{"level":"info","message":"pollingStatus ===> Inprogress","timestamp":"2024-07-22T10:18:09.282Z"}
{"level":"info","message":"pollingStatus ===> Inprogress","timestamp":"2024-07-22T10:18:09.529Z"}
{"level":"info","message":"pollingStatus ===> Inprogress","timestamp":"2024-07-22T10:18:09.774Z"}
{"level":"info","message":"pollingStatus ===> Inprogress","timestamp":"2024-07-22T10:18:10.020Z"}
{"level":"info","message":"pollingStatus ===> Inprogress","timestamp":"2024-07-22T10:18:10.264Z"}
{"level":"info","message":"pollingStatus ===> Inprogress","timestamp":"2024-07-22T10:18:10.510Z"}
{"level":"info","message":"pollingStatus ===> Inprogress","timestamp":"2024-07-22T10:18:10.757Z"}
{"level":"info","message":"pollingStatus ===> Inprogress","timestamp":"2024-07-22T10:18:11.004Z"}
{"level":"info","message":"pollingStatus ===> Inprogress","timestamp":"2024-07-22T10:18:11.250Z"}
{"level":"info","message":"pollingStatus ===> Inprogress","timestamp":"2024-07-22T10:18:11.498Z"}
{"level":"info","message":"pollingStatus ===> Inprogress","timestamp":"2024-07-22T10:18:11.746Z"}
{"level":"info","message":"pollingStatus ===> Inprogress","timestamp":"2024-07-22T10:18:12.003Z"}
{"level":"info","message":"pollingStatus ===> Inprogress","timestamp":"2024-07-22T10:18:12.328Z"}
{"level":"info","message":"pollingStatus ===> Inprogress","timestamp":"2024-07-22T10:18:12.574Z"}
{"level":"info","message":"pollingStatus ===> Inprogress","timestamp":"2024-07-22T10:18:12.848Z"}
{"level":"info","message":"pollingStatus ===> Inprogress","timestamp":"2024-07-22T10:18:13.122Z"}
{"level":"info","message":"pollingStatus ===> Inprogress","timestamp":"2024-07-22T10:18:13.383Z"}
{"level":"info","message":"pollingStatus ===> Inprogress","timestamp":"2024-07-22T10:18:13.651Z"}
{"level":"info","message":"pollingStatus ===> Inprogress","timestamp":"2024-07-22T10:18:13.901Z"}
{"level":"info","message":"pollingStatus ===> Inprogress","timestamp":"2024-07-22T10:18:14.145Z"}
{"level":"info","message":"pollingStatus ===> Inprogress","timestamp":"2024-07-22T10:18:14.393Z"}
{"level":"info","message":"pollingStatus ===> Inprogress","timestamp":"2024-07-22T10:18:14.639Z"}
{"level":"info","message":"pollingStatus ===> Inprogress","timestamp":"2024-07-22T10:18:14.881Z"}
{"level":"info","message":"pollingStatus ===> Inprogress","timestamp":"2024-07-22T10:18:15.132Z"}
{"level":"info","message":"pollingStatus ===> Inprogress","timestamp":"2024-07-22T10:18:15.383Z"}
{"level":"info","message":"bot message ==> [\"\\n\\n\\n\\nIntent 1 message 1\",\"Intent 2 : Message 2\"]","timestamp":"2024-07-22T10:18:15.648Z"}
{"level":"info","message":"API Succeeded","timestamp":"2024-07-22T10:20:31.662Z"}
{"level":"info","message":"pollId ==> fdfd87cc7b9eaaa3385489d43d0ad639","timestamp":"2024-07-22T10:20:35.099Z"}
{"level":"info","message":"pollingStatus ===> Inprogress","timestamp":"2024-07-22T10:20:35.448Z"}
{"level":"info","message":"pollingStatus ===> Inprogress","timestamp":"2024-07-22T10:20:35.804Z"}
{"level":"info","message":"pollingStatus ===> Inprogress","timestamp":"2024-07-22T10:20:36.145Z"}
{"level":"info","message":"pollingStatus ===> Inprogress","timestamp":"2024-07-22T10:20:36.521Z"}
{"level":"info","message":"pollingStatus ===> Inprogress","timestamp":"2024-07-22T10:20:36.939Z"}
{"level":"info","message":"pollingStatus ===> Inprogress","timestamp":"2024-07-22T10:20:37.308Z"}
{"level":"info","message":"pollingStatus ===> Inprogress","timestamp":"2024-07-22T10:20:37.556Z"}
{"level":"info","message":"pollingStatus ===> Inprogress","timestamp":"2024-07-22T10:20:37.866Z"}
{"level":"info","message":"pollingStatus ===> Inprogress","timestamp":"2024-07-22T10:20:38.149Z"}
{"level":"info","message":"pollingStatus ===> Inprogress","timestamp":"2024-07-22T10:20:38.474Z"}
{"level":"info","message":"pollingStatus ===> Inprogress","timestamp":"2024-07-22T10:20:38.759Z"}
{"level":"info","message":"pollingStatus ===> Inprogress","timestamp":"2024-07-22T10:20:39.073Z"}
{"level":"info","message":"pollingStatus ===> Inprogress","timestamp":"2024-07-22T10:20:39.379Z"}
{"level":"info","message":"pollingStatus ===> Inprogress","timestamp":"2024-07-22T10:20:39.634Z"}
{"level":"info","message":"pollingStatus ===> Inprogress","timestamp":"2024-07-22T10:20:39.919Z"}
{"level":"info","message":"pollingStatus ===> Inprogress","timestamp":"2024-07-22T10:20:40.208Z"}
{"level":"info","message":"pollingStatus ===> Inprogress","timestamp":"2024-07-22T10:20:40.567Z"}
{"level":"info","message":"pollingStatus ===> Inprogress","timestamp":"2024-07-22T10:20:40.842Z"}
{"level":"info","message":"pollingStatus ===> Inprogress","timestamp":"2024-07-22T10:20:41.112Z"}
{"level":"info","message":"pollingStatus ===> Inprogress","timestamp":"2024-07-22T10:20:41.377Z"}
{"level":"info","message":"pollingStatus ===> Inprogress","timestamp":"2024-07-22T10:20:41.629Z"}
{"level":"info","message":"pollingStatus ===> Inprogress","timestamp":"2024-07-22T10:20:41.908Z"}
{"level":"info","message":"pollingStatus ===> Inprogress","timestamp":"2024-07-22T10:20:42.155Z"}
{"level":"info","message":"pollingStatus ===> Inprogress","timestamp":"2024-07-22T10:20:42.407Z"}
{"level":"info","message":"pollingStatus ===> Inprogress","timestamp":"2024-07-22T10:20:42.679Z"}
{"level":"info","message":"pollingStatus ===> Inprogress","timestamp":"2024-07-22T10:20:42.981Z"}
{"level":"info","message":"pollingStatus ===> Inprogress","timestamp":"2024-07-22T10:20:43.255Z"}
{"level":"info","message":"pollingStatus ===> Inprogress","timestamp":"2024-07-22T10:20:43.501Z"}
{"level":"info","message":"pollingStatus ===> Inprogress","timestamp":"2024-07-22T10:20:43.754Z"}
{"level":"info","message":"pollingStatus ===> Inprogress","timestamp":"2024-07-22T10:20:44.012Z"}
{"level":"info","message":"pollingStatus ===> Inprogress","timestamp":"2024-07-22T10:20:44.262Z"}
{"level":"info","message":"pollingStatus ===> Inprogress","timestamp":"2024-07-22T10:20:44.510Z"}
{"level":"info","message":"pollingStatus ===> Inprogress","timestamp":"2024-07-22T10:20:44.772Z"}
{"level":"info","message":"pollingStatus ===> Inprogress","timestamp":"2024-07-22T10:20:45.097Z"}
{"level":"info","message":"pollingStatus ===> Inprogress","timestamp":"2024-07-22T10:20:45.345Z"}
{"level":"info","message":"pollingStatus ===> Inprogress","timestamp":"2024-07-22T10:20:45.594Z"}
{"level":"info","message":"pollingStatus ===> Inprogress","timestamp":"2024-07-22T10:20:45.838Z"}
{"level":"info","message":"pollingStatus ===> Inprogress","timestamp":"2024-07-22T10:20:46.110Z"}
{"level":"info","message":"pollingStatus ===> Inprogress","timestamp":"2024-07-22T10:20:46.367Z"}
{"level":"info","message":"pollingStatus ===> Inprogress","timestamp":"2024-07-22T10:20:46.615Z"}
{"level":"info","message":"pollingStatus ===> Inprogress","timestamp":"2024-07-22T10:20:46.859Z"}
{"level":"info","message":"pollingStatus ===> Inprogress","timestamp":"2024-07-22T10:20:47.120Z"}
{"level":"info","message":"pollingStatus ===> Inprogress","timestamp":"2024-07-22T10:20:47.367Z"}
{"level":"info","message":"pollingStatus ===> Inprogress","timestamp":"2024-07-22T10:20:47.611Z"}
{"level":"info","message":"pollingStatus ===> Inprogress","timestamp":"2024-07-22T10:20:47.857Z"}
{"level":"info","message":"pollingStatus ===> Inprogress","timestamp":"2024-07-22T10:20:48.107Z"}
{"level":"info","message":"pollingStatus ===> Inprogress","timestamp":"2024-07-22T10:20:48.353Z"}
{"level":"info","message":"pollingStatus ===> Inprogress","timestamp":"2024-07-22T10:20:48.598Z"}
{"level":"info","message":"pollingStatus ===> Inprogress","timestamp":"2024-07-22T10:20:48.864Z"}
{"level":"info","message":"pollingStatus ===> Inprogress","timestamp":"2024-07-22T10:20:49.116Z"}
{"level":"info","message":"pollingStatus ===> Inprogress","timestamp":"2024-07-22T10:20:49.363Z"}
{"level":"info","message":"pollingStatus ===> Inprogress","timestamp":"2024-07-22T10:20:49.628Z"}
{"level":"info","message":"pollingStatus ===> Inprogress","timestamp":"2024-07-22T10:20:49.875Z"}
{"level":"info","message":"pollingStatus ===> Inprogress","timestamp":"2024-07-22T10:20:50.123Z"}
{"level":"info","message":"pollingStatus ===> Inprogress","timestamp":"2024-07-22T10:20:50.369Z"}
{"level":"info","message":"pollingStatus ===> Inprogress","timestamp":"2024-07-22T10:20:50.614Z"}
{"level":"info","message":"pollingStatus ===> Inprogress","timestamp":"2024-07-22T10:20:50.864Z"}
{"level":"info","message":"pollingStatus ===> Inprogress","timestamp":"2024-07-22T10:20:51.109Z"}
{"level":"info","message":"pollingStatus ===> Inprogress","timestamp":"2024-07-22T10:20:51.357Z"}
{"level":"info","message":"pollingStatus ===> Inprogress","timestamp":"2024-07-22T10:20:51.609Z"}
{"level":"info","message":"pollingStatus ===> Inprogress","timestamp":"2024-07-22T10:20:51.866Z"}
{"level":"info","message":"pollingStatus ===> Inprogress","timestamp":"2024-07-22T10:20:52.158Z"}
{"level":"info","message":"pollingStatus ===> Inprogress","timestamp":"2024-07-22T10:20:52.407Z"}
{"level":"info","message":"pollingStatus ===> Inprogress","timestamp":"2024-07-22T10:20:52.654Z"}
{"level":"info","message":"pollingStatus ===> Inprogress","timestamp":"2024-07-22T10:20:52.899Z"}
{"level":"info","message":"pollingStatus ===> Inprogress","timestamp":"2024-07-22T10:20:53.142Z"}
{"level":"info","message":"pollingStatus ===> Inprogress","timestamp":"2024-07-22T10:20:53.389Z"}
{"level":"info","message":"pollingStatus ===> Inprogress","timestamp":"2024-07-22T10:20:53.638Z"}
{"level":"info","message":"pollingStatus ===> Inprogress","timestamp":"2024-07-22T10:20:53.882Z"}
{"level":"info","message":"pollingStatus ===> Inprogress","timestamp":"2024-07-22T10:20:54.128Z"}
{"level":"info","message":"pollingStatus ===> Inprogress","timestamp":"2024-07-22T10:20:54.385Z"}
{"level":"info","message":"pollingStatus ===> Inprogress","timestamp":"2024-07-22T10:20:54.634Z"}
{"level":"info","message":"pollingStatus ===> Inprogress","timestamp":"2024-07-22T10:20:54.884Z"}
{"level":"info","message":"pollingStatus ===> Inprogress","timestamp":"2024-07-22T10:20:55.136Z"}
{"level":"info","message":"pollingStatus ===> Inprogress","timestamp":"2024-07-22T10:20:55.380Z"}
{"level":"info","message":"pollingStatus ===> Inprogress","timestamp":"2024-07-22T10:20:55.692Z"}
{"level":"info","message":"pollingStatus ===> Inprogress","timestamp":"2024-07-22T10:20:55.940Z"}
{"level":"info","message":"pollingStatus ===> Inprogress","timestamp":"2024-07-22T10:20:56.188Z"}
{"level":"info","message":"pollingStatus ===> Inprogress","timestamp":"2024-07-22T10:20:56.459Z"}
{"level":"info","message":"pollingStatus ===> Inprogress","timestamp":"2024-07-22T10:20:56.742Z"}
{"level":"info","message":"pollingStatus ===> Inprogress","timestamp":"2024-07-22T10:20:56.993Z"}
{"level":"info","message":"pollingStatus ===> Inprogress","timestamp":"2024-07-22T10:20:57.242Z"}
{"level":"info","message":"pollingStatus ===> Inprogress","timestamp":"2024-07-22T10:20:57.491Z"}
{"level":"info","message":"pollingStatus ===> Inprogress","timestamp":"2024-07-22T10:20:57.739Z"}
{"level":"info","message":"pollingStatus ===> Inprogress","timestamp":"2024-07-22T10:20:57.987Z"}
{"level":"info","message":"pollingStatus ===> Inprogress","timestamp":"2024-07-22T10:20:58.236Z"}
{"level":"info","message":"pollingStatus ===> Inprogress","timestamp":"2024-07-22T10:20:58.483Z"}
{"level":"info","message":"pollingStatus ===> Inprogress","timestamp":"2024-07-22T10:20:58.731Z"}
{"level":"info","message":"pollingStatus ===> Inprogress","timestamp":"2024-07-22T10:20:58.987Z"}
{"level":"info","message":"pollingStatus ===> Inprogress","timestamp":"2024-07-22T10:20:59.239Z"}
{"level":"info","message":"pollingStatus ===> Inprogress","timestamp":"2024-07-22T10:20:59.487Z"}
{"level":"info","message":"pollingStatus ===> Inprogress","timestamp":"2024-07-22T10:20:59.735Z"}
{"level":"info","message":"pollingStatus ===> Inprogress","timestamp":"2024-07-22T10:20:59.980Z"}
{"level":"info","message":"pollingStatus ===> Inprogress","timestamp":"2024-07-22T10:21:00.230Z"}
{"level":"info","message":"pollingStatus ===> Inprogress","timestamp":"2024-07-22T10:21:00.480Z"}
{"level":"info","message":"pollingStatus ===> Inprogress","timestamp":"2024-07-22T10:21:00.724Z"}
{"level":"info","message":"pollingStatus ===> Inprogress","timestamp":"2024-07-22T10:21:00.969Z"}
{"level":"info","message":"pollingStatus ===> Inprogress","timestamp":"2024-07-22T10:21:01.240Z"}
{"level":"info","message":"pollingStatus ===> Inprogress","timestamp":"2024-07-22T10:21:01.493Z"}
{"level":"info","message":"pollingStatus ===> Inprogress","timestamp":"2024-07-22T10:21:01.745Z"}
{"level":"info","message":"pollingStatus ===> Inprogress","timestamp":"2024-07-22T10:21:02.018Z"}
{"level":"info","message":"pollingStatus ===> Inprogress","timestamp":"2024-07-22T10:21:02.269Z"}
{"level":"info","message":"pollingStatus ===> Inprogress","timestamp":"2024-07-22T10:21:02.515Z"}
{"level":"info","message":"pollingStatus ===> Inprogress","timestamp":"2024-07-22T10:21:02.778Z"}
{"level":"info","message":"pollingStatus ===> Inprogress","timestamp":"2024-07-22T10:21:03.023Z"}
{"level":"info","message":"pollingStatus ===> Inprogress","timestamp":"2024-07-22T10:21:03.268Z"}
{"level":"info","message":"pollingStatus ===> Inprogress","timestamp":"2024-07-22T10:21:03.516Z"}
{"level":"info","message":"pollingStatus ===> Inprogress","timestamp":"2024-07-22T10:21:03.764Z"}
{"level":"info","message":"pollingStatus ===> Inprogress","timestamp":"2024-07-22T10:21:04.012Z"}
{"level":"info","message":"pollingStatus ===> Inprogress","timestamp":"2024-07-22T10:21:04.259Z"}
{"level":"info","message":"pollingStatus ===> Inprogress","timestamp":"2024-07-22T10:21:04.505Z"}
{"level":"info","message":"pollingStatus ===> Inprogress","timestamp":"2024-07-22T10:21:04.767Z"}
{"level":"info","message":"pollingStatus ===> Inprogress","timestamp":"2024-07-22T10:21:05.017Z"}
{"level":"info","message":"pollingStatus ===> Inprogress","timestamp":"2024-07-22T10:21:05.343Z"}
{"level":"info","message":"pollingStatus ===> Inprogress","timestamp":"2024-07-22T10:21:05.588Z"}
{"level":"info","message":"pollingStatus ===> Inprogress","timestamp":"2024-07-22T10:21:05.836Z"}
{"level":"info","message":"pollingStatus ===> Inprogress","timestamp":"2024-07-22T10:21:06.090Z"}
{"level":"info","message":"pollingStatus ===> Inprogress","timestamp":"2024-07-22T10:21:06.348Z"}
{"level":"info","message":"pollingStatus ===> Inprogress","timestamp":"2024-07-22T10:21:06.619Z"}
{"level":"info","message":"pollingStatus ===> Inprogress","timestamp":"2024-07-22T10:21:06.869Z"}
{"level":"info","message":"pollingStatus ===> Inprogress","timestamp":"2024-07-22T10:21:07.118Z"}
{"level":"info","message":"pollingStatus ===> Inprogress","timestamp":"2024-07-22T10:21:07.369Z"}
{"level":"info","message":"pollingStatus ===> Inprogress","timestamp":"2024-07-22T10:21:07.623Z"}
{"level":"info","message":"pollingStatus ===> Inprogress","timestamp":"2024-07-22T10:21:07.869Z"}
{"level":"info","message":"pollingStatus ===> Inprogress","timestamp":"2024-07-22T10:21:08.155Z"}
{"level":"info","message":"pollingStatus ===> Inprogress","timestamp":"2024-07-22T10:21:08.403Z"}
{"level":"info","message":"pollingStatus ===> Inprogress","timestamp":"2024-07-22T10:21:08.673Z"}
{"level":"info","message":"pollingStatus ===> Inprogress","timestamp":"2024-07-22T10:21:08.967Z"}
{"level":"info","message":"pollingStatus ===> Inprogress","timestamp":"2024-07-22T10:21:09.218Z"}
{"level":"info","message":"pollingStatus ===> Inprogress","timestamp":"2024-07-22T10:21:09.487Z"}
{"level":"info","message":"pollingStatus ===> Inprogress","timestamp":"2024-07-22T10:21:09.750Z"}
{"level":"info","message":"pollingStatus ===> Inprogress","timestamp":"2024-07-22T10:21:09.999Z"}
{"level":"info","message":"pollingStatus ===> Inprogress","timestamp":"2024-07-22T10:21:10.273Z"}
{"level":"info","message":"pollingStatus ===> Inprogress","timestamp":"2024-07-22T10:21:10.555Z"}
{"level":"info","message":"pollingStatus ===> Inprogress","timestamp":"2024-07-22T10:21:10.798Z"}
{"level":"info","message":"pollingStatus ===> Inprogress","timestamp":"2024-07-22T10:21:11.045Z"}
{"level":"info","message":"pollingStatus ===> Inprogress","timestamp":"2024-07-22T10:21:11.298Z"}
{"level":"info","message":"pollingStatus ===> Inprogress","timestamp":"2024-07-22T10:21:11.562Z"}
{"level":"info","message":"pollingStatus ===> Inprogress","timestamp":"2024-07-22T10:21:11.811Z"}
{"level":"info","message":"pollingStatus ===> Inprogress","timestamp":"2024-07-22T10:21:12.063Z"}
{"level":"info","message":"pollingStatus ===> Inprogress","timestamp":"2024-07-22T10:21:12.323Z"}
{"level":"info","message":"pollingStatus ===> Inprogress","timestamp":"2024-07-22T10:21:12.575Z"}
{"level":"info","message":"pollingStatus ===> Inprogress","timestamp":"2024-07-22T10:21:12.909Z"}
{"level":"info","message":"pollingStatus ===> Inprogress","timestamp":"2024-07-22T10:21:13.174Z"}
{"level":"info","message":"pollingStatus ===> Inprogress","timestamp":"2024-07-22T10:21:13.441Z"}
{"level":"info","message":"pollingStatus ===> Inprogress","timestamp":"2024-07-22T10:21:13.691Z"}
{"level":"info","message":"pollingStatus ===> Inprogress","timestamp":"2024-07-22T10:21:13.939Z"}
{"level":"info","message":"pollingStatus ===> Inprogress","timestamp":"2024-07-22T10:21:14.194Z"}
{"level":"info","message":"pollingStatus ===> Inprogress","timestamp":"2024-07-22T10:21:14.442Z"}
{"level":"info","message":"pollingStatus ===> Inprogress","timestamp":"2024-07-22T10:21:14.691Z"}
{"level":"info","message":"pollingStatus ===> Inprogress","timestamp":"2024-07-22T10:21:14.939Z"}
{"level":"info","message":"pollingStatus ===> Inprogress","timestamp":"2024-07-22T10:21:15.187Z"}
{"level":"info","message":"pollingStatus ===> Inprogress","timestamp":"2024-07-22T10:21:15.439Z"}
{"level":"info","message":"pollingStatus ===> Inprogress","timestamp":"2024-07-22T10:21:15.686Z"}
{"level":"info","message":"pollingStatus ===> Inprogress","timestamp":"2024-07-22T10:21:15.933Z"}
{"level":"info","message":"bot message ==> [\"\\n\\n\\n\\nIntent 1 message 1\",\"Intent 2 : Message 2\"]","timestamp":"2024-07-22T10:21:16.183Z"}
{"level":"info","message":"API Succeeded","timestamp":"2024-07-22T10:21:32.970Z"}
